Starting Single Run, Sweeps and Corners...

Current time: Sun Dec  4 18:07:48 2022 
Best design point: 1
Design specs: 
	CLA:tb_claC:1	corner	FF - 
	avg_Power		487.9u
	Delay_max		103.7p
	PDP		50.58f
	CLA:tb_claC:1	corner	TT - 
	avg_Power		473.6u
	Delay_max		122.8p
	PDP		58.16f
	CLA:tb_claC:1	corner	SS - 
	avg_Power		475.8u
	Delay_max		172.1p
	PDP		81.89f
Design parameters: 

Interactive.6
Number of points completed: 1
Number of simulation errors: 0
Interactive.6 completed. 
Current time: Sun Dec  4 18:12:07 2022 
