Starting Monte Carlo Sampling...

Current time: Wed Nov  2 18:05:34 2022 

Variation: All
Sampling Method: Low-Discrepancy Sequence
Seed: 

MonteCarlo.1
Number of points completed: 100
Number of simulation errors: 0
MonteCarlo.1 completed. 
Current time: Wed Nov  2 18:10:09 2022 
Monte Carlo Sampling yield summary:
Number of spec values are in this yield data: 3
FullAdder:fa_tb:1	Nominal - 
	Delay_110:	Yield	100%
		Min 1.65491e-10	Max 2.05705e-10	Mean 1.83368e-10	Number of errors 0
FullAdder:fa_tb:1	Nominal - 
	PDP:	Yield	100%
		Min 5.96299e-15	Max 7.41444e-15	Mean 6.60325e-15	Number of errors 0
FullAdder:fa_tb:1	Nominal - 
	Power_avg:	Yield	100%
		Min 3.57632e-05	Max 3.62946e-05	Mean 3.60119e-05	Number of errors 0

FullAdder:fa_tb:1
	Overall Yield	100%	Number of points passed	100	Total number of points	100

Estimated yield = 100% (100/100), 0 errors
Estimated yield (No opregions) = 100% (100/100)
